[2023-11-27T11:39:38+08:00][sql] CONNECT:[ UseTime:0.004692s ] mysql:host=127.0.0.1;port=3306;dbname=tp6adminlte3;charset=utf8mb4
[2023-11-27T11:39:38+08:00][sql] SHOW FULL COLUMNS FROM `admin_user` [ RunTime:0.005704s ]
[2023-11-27T11:39:38+08:00][info] 验证登录失败，信息：未找到登录信息
[2023-11-27T11:39:38+08:00][sql] CONNECT:[ UseTime:0.001012s ] mysql:host=127.0.0.1;port=3306;dbname=tp6adminlte3;charset=utf8mb4
[2023-11-27T11:39:38+08:00][sql] SHOW FULL COLUMNS FROM `admin_menu` [ RunTime:0.001174s ]
[2023-11-27T11:39:38+08:00][sql] SELECT * FROM `admin_menu` WHERE (  `url` = 'admin/auth/login' ) AND `admin_menu`.`delete_time` = '0' LIMIT 1 [ RunTime:0.007683s ]
[2023-11-27T11:39:38+08:00][sql] SHOW FULL COLUMNS FROM `admin_user` [ RunTime:0.001059s ]
[2023-11-27T11:39:38+08:00][sql] SHOW FULL COLUMNS FROM `setting_group` [ RunTime:0.008071s ]
[2023-11-27T11:39:38+08:00][sql] SELECT * FROM `setting_group` WHERE (  `code` = 'admin.display.top_nav' ) AND `setting_group`.`delete_time` = '0' LIMIT 1 [ RunTime:0.000414s ]
[2023-11-27T11:39:38+08:00][sql] CONNECT:[ UseTime:0.026872s ] mysql:host=127.0.0.1;port=3306;dbname=tp6adminlte3;charset=utf8mb4
[2023-11-27T11:39:38+08:00][sql] SHOW FULL COLUMNS FROM `admin_menu` [ RunTime:0.012002s ]
[2023-11-27T11:39:38+08:00][sql] SELECT * FROM `admin_menu` WHERE (  `url` = 'admin/auth/captcha' ) AND `admin_menu`.`delete_time` = '0' LIMIT 1 [ RunTime:0.000978s ]
[2023-11-27T11:39:54+08:00][sql] CONNECT:[ UseTime:0.000786s ] mysql:host=127.0.0.1;port=3306;dbname=tp6adminlte3;charset=utf8mb4
[2023-11-27T11:39:54+08:00][sql] SHOW FULL COLUMNS FROM `admin_menu` [ RunTime:0.082188s ]
[2023-11-27T11:39:54+08:00][sql] SELECT * FROM `admin_menu` WHERE (  `url` = 'admin/auth/token' ) AND `admin_menu`.`delete_time` = '0' LIMIT 1 [ RunTime:0.001339s ]
[2023-11-27T11:39:54+08:00][sql] CONNECT:[ UseTime:0.001278s ] mysql:host=127.0.0.1;port=3306;dbname=tp6adminlte3;charset=utf8mb4
[2023-11-27T11:39:54+08:00][sql] SHOW FULL COLUMNS FROM `admin_menu` [ RunTime:0.006169s ]
[2023-11-27T11:39:54+08:00][sql] SELECT * FROM `admin_menu` WHERE (  `url` = 'admin/auth/login' ) AND `admin_menu`.`delete_time` = '0' LIMIT 1 [ RunTime:0.001376s ]
[2023-11-27T11:39:54+08:00][sql] SHOW FULL COLUMNS FROM `admin_user` [ RunTime:0.001682s ]
[2023-11-27T11:39:54+08:00][sql] SELECT * FROM `admin_user` WHERE (  `username` = 'admin' ) AND `admin_user`.`delete_time` = '0' LIMIT 1 [ RunTime:0.012871s ]
[2023-11-27T11:39:54+08:00][sql] SHOW FULL COLUMNS FROM `admin_log` [ RunTime:0.002372s ]
[2023-11-27T11:39:54+08:00][sql] INSERT INTO `admin_log` SET `admin_user_id` = 2 , `name` = '登录' , `log_method` = 'POST' , `url` = '/admin/auth/login.html?redirect=%2Fadmin%2Findex%2Findex.html' , `log_ip` = '127.0.0.1' , `create_time` = 1701056394 , `update_time` = 1701056394 [ RunTime:0.009277s ]
[2023-11-27T11:39:54+08:00][sql] SHOW FULL COLUMNS FROM `admin_log_data` [ RunTime:0.002403s ]
[2023-11-27T11:39:54+08:00][sql] REPLACE INTO `admin_log_data` SET `admin_log_id` = 19 , `data` = '{\"header\":{\"cookie\":\"thinkphp_show_page_trace=0|0; thinkphp_show_page_trace=0|0; device_id_uid_2=fd3cb1c720cf67276c3c48653730c4c5070fc98d; DarkMode=0; HeaderFixed=0; DropdownLegacyOffset=0; NoBorder=0; SidebarCollapsed=0; SidebarFixed=0; SidebarMini=0; SidebarMiniMd=0; SidebarMiniXs=0; FlatSidebar=0; LegacySidebar=0; CompactSidebar=0; ChildIndentSidebar=0; ChildHideSidebar=0; NoExpandSidebar=0; FootFixed=0; TextSmBody=0; TextSmHeader=0; TextSmBrand=0; TextSmSidebar=0; TextSmFooter=0; AppSId=36e84e54348984deb144f29a6464ce24\",\"accept-language\":\"zh-CN,zh;q=0.9\",\"accept-encoding\":\"gzip, deflate\",\"referer\":\"http:\\/\\/tp8adminlte3.com\\/admin\\/auth\\/login.html?redirect=%2Fadmin%2Findex%2Findex.html\",\"origin\":\"http:\\/\\/tp8adminlte3.com\",\"content-type\":\"multipart\\/form-data; boundary=----WebKitFormBoundaryaU9gGDs4xOgE5J0p\",\"user-agent\":\"Mozilla\\/5.0 (Windows NT 10.0; Win64; x64) AppleWebKit\\/537.36 (KHTML, like Gecko) Chrome\\/119.0.0.0 Safari\\/537.36\",\"x-requested-with\":\"XMLHttpRequest\",\"accept\":\"application\\/json, text\\/javascript, *\\/*; q=0.01\",\"content-length\":\"473\",\"connection\":\"keep-alive\",\"host\":\"tp8adminlte3.com\"},\"param\":{\"redirect\":\"\\/admin\\/index\\/index.html\",\"username\":\"admin\",\"password\":\"admin123\",\"captcha\":\"5551\",\"__token__\":\"2982f9d16bc35e199e1b65dfcc4e59b3\"}}' , `create_time` = 1701056394 , `update_time` = 1701056394 [ RunTime:0.000514s ]
[2023-11-27T11:39:54+08:00][sql] CONNECT:[ UseTime:0.000808s ] mysql:host=127.0.0.1;port=3306;dbname=tp6adminlte3;charset=utf8mb4
[2023-11-27T11:39:54+08:00][sql] SHOW FULL COLUMNS FROM `admin_user` [ RunTime:0.002325s ]
[2023-11-27T11:39:54+08:00][sql] SELECT * FROM `admin_user` WHERE (  `id` = 2 ) AND `admin_user`.`delete_time` = '0' LIMIT 1 [ RunTime:0.000606s ]
[2023-11-27T11:39:54+08:00][sql] SHOW FULL COLUMNS FROM `admin_menu` [ RunTime:0.003358s ]
[2023-11-27T11:39:54+08:00][sql] SELECT * FROM `admin_menu` WHERE (  `url` = 'admin/index/index' ) AND `admin_menu`.`delete_time` = '0' LIMIT 1 [ RunTime:0.001078s ]
[2023-11-27T11:39:54+08:00][sql] SHOW FULL COLUMNS FROM `setting_group` [ RunTime:0.011071s ]
[2023-11-27T11:39:54+08:00][sql] SELECT * FROM `setting_group` WHERE (  `code` = 'admin.display.top_nav' ) AND `setting_group`.`delete_time` = '0' LIMIT 1 [ RunTime:0.000516s ]
[2023-11-27T11:39:54+08:00][sql] SELECT `id`,`parent_id`,`name`,`icon` FROM `admin_menu` WHERE `admin_menu`.`delete_time` = '0' [ RunTime:0.000367s ]
[2023-11-27T11:39:54+08:00][sql] SHOW FULL COLUMNS FROM `admin_role` [ RunTime:0.002235s ]
[2023-11-27T11:39:54+08:00][sql] SELECT `url` FROM `admin_role` WHERE (  `id` = 1  AND `status` = 1 ) AND `admin_role`.`delete_time` = '0' [ RunTime:0.000450s ]
[2023-11-27T11:39:54+08:00][sql] SELECT `id`,`parent_id`,`name`,`url`,`icon`,`sort_number` FROM `admin_menu` WHERE (  `id` IN (1,2,3,4,5,6,7,8,9,10,11,12,13,14,15,16,17,18,19,20,21,22,23,24,25,32,33,34,35,36,37,38,39,40,41,42,43,44,47,48,49,50,51,52,53,54,55)  AND `is_show` = 1 ) AND `admin_menu`.`delete_time` = '0' ORDER BY `sort_number` ASC,`id` ASC [ RunTime:0.000642s ]
[2023-11-27T11:40:08+08:00][sql] CONNECT:[ UseTime:0.000866s ] mysql:host=127.0.0.1;port=3306;dbname=tp6adminlte3;charset=utf8mb4
[2023-11-27T11:40:08+08:00][sql] SHOW FULL COLUMNS FROM `admin_user` [ RunTime:0.021963s ]
[2023-11-27T11:40:08+08:00][sql] SELECT * FROM `admin_user` WHERE (  `id` = 2 ) AND `admin_user`.`delete_time` = '0' LIMIT 1 [ RunTime:0.008281s ]
[2023-11-27T11:40:08+08:00][sql] SHOW FULL COLUMNS FROM `admin_menu` [ RunTime:0.000807s ]
[2023-11-27T11:40:08+08:00][sql] SELECT * FROM `admin_menu` WHERE (  `url` = 'admin/admin_user/index' ) AND `admin_menu`.`delete_time` = '0' LIMIT 1 [ RunTime:0.000382s ]
[2023-11-27T11:40:08+08:00][sql] SELECT COUNT(*) AS think_count FROM `admin_user` WHERE `admin_user`.`delete_time` = '0' [ RunTime:0.000287s ]
[2023-11-27T11:40:08+08:00][sql] SELECT * FROM `admin_user` WHERE `admin_user`.`delete_time` = '0' ORDER BY `id` DESC LIMIT 0,10 [ RunTime:0.000265s ]
[2023-11-27T11:40:08+08:00][sql] SHOW FULL COLUMNS FROM `setting_group` [ RunTime:0.002137s ]
[2023-11-27T11:40:08+08:00][sql] SELECT * FROM `setting_group` WHERE (  `code` = 'admin.display.top_nav' ) AND `setting_group`.`delete_time` = '0' LIMIT 1 [ RunTime:0.000353s ]
[2023-11-27T11:40:08+08:00][sql] SELECT `id`,`parent_id`,`name`,`icon` FROM `admin_menu` WHERE `admin_menu`.`delete_time` = '0' [ RunTime:0.000324s ]
[2023-11-27T11:40:08+08:00][sql] SHOW FULL COLUMNS FROM `admin_role` [ RunTime:0.010513s ]
[2023-11-27T11:40:08+08:00][sql] SELECT * FROM `admin_role` WHERE (  `id` = 2 ) AND `admin_role`.`delete_time` = '0' [ RunTime:0.000392s ]
[2023-11-27T11:40:08+08:00][sql] SELECT * FROM `admin_role` WHERE (  `id` = 1 ) AND `admin_role`.`delete_time` = '0' [ RunTime:0.000264s ]
[2023-11-27T11:40:08+08:00][sql] SELECT * FROM `admin_role` WHERE (  `id` = 1 ) AND `admin_role`.`delete_time` = '0' [ RunTime:0.000232s ]
[2023-11-27T11:40:11+08:00][sql] CONNECT:[ UseTime:0.015779s ] mysql:host=127.0.0.1;port=3306;dbname=tp6adminlte3;charset=utf8mb4
[2023-11-27T11:40:11+08:00][sql] SHOW FULL COLUMNS FROM `admin_user` [ RunTime:0.070280s ]
[2023-11-27T11:40:11+08:00][sql] SELECT * FROM `admin_user` WHERE (  `id` = 2 ) AND `admin_user`.`delete_time` = '0' LIMIT 1 [ RunTime:0.001185s ]
[2023-11-27T11:40:11+08:00][sql] SHOW FULL COLUMNS FROM `admin_menu` [ RunTime:0.002656s ]
[2023-11-27T11:40:11+08:00][sql] SELECT * FROM `admin_menu` WHERE (  `url` = 'admin/user/index' ) AND `admin_menu`.`delete_time` = '0' LIMIT 1 [ RunTime:0.001137s ]
[2023-11-27T11:40:11+08:00][sql] SHOW FULL COLUMNS FROM `user` [ RunTime:0.002667s ]
[2023-11-27T11:40:11+08:00][sql] SELECT COUNT(*) AS think_count FROM `user` WHERE `user`.`delete_time` = '0' [ RunTime:0.000706s ]
[2023-11-27T11:40:11+08:00][sql] SELECT * FROM `user` WHERE `user`.`delete_time` = '0' ORDER BY `id` DESC LIMIT 0,10 [ RunTime:0.000873s ]
[2023-11-27T11:40:11+08:00][sql] SHOW FULL COLUMNS FROM `user_level` [ RunTime:0.001496s ]
[2023-11-27T11:40:11+08:00][sql] SELECT * FROM `user_level` WHERE (  `id` IN (1,2,3) ) AND `user_level`.`delete_time` = '0' [ RunTime:0.000542s ]
[2023-11-27T11:40:11+08:00][sql] SELECT * FROM `user_level` WHERE `user_level`.`delete_time` = '0' [ RunTime:0.000353s ]
[2023-11-27T11:40:11+08:00][sql] SHOW FULL COLUMNS FROM `setting_group` [ RunTime:0.000767s ]
[2023-11-27T11:40:11+08:00][sql] SELECT * FROM `setting_group` WHERE (  `code` = 'admin.display.top_nav' ) AND `setting_group`.`delete_time` = '0' LIMIT 1 [ RunTime:0.000368s ]
[2023-11-27T11:40:11+08:00][sql] SELECT `id`,`parent_id`,`name`,`icon` FROM `admin_menu` WHERE `admin_menu`.`delete_time` = '0' [ RunTime:0.000359s ]
[2023-11-27T11:40:15+08:00][sql] CONNECT:[ UseTime:0.001504s ] mysql:host=127.0.0.1;port=3306;dbname=tp6adminlte3;charset=utf8mb4
[2023-11-27T11:40:15+08:00][sql] SHOW FULL COLUMNS FROM `admin_user` [ RunTime:0.002673s ]
[2023-11-27T11:40:15+08:00][sql] SELECT * FROM `admin_user` WHERE (  `id` = 2 ) AND `admin_user`.`delete_time` = '0' LIMIT 1 [ RunTime:0.000749s ]
[2023-11-27T11:40:15+08:00][sql] SHOW FULL COLUMNS FROM `admin_menu` [ RunTime:0.001898s ]
[2023-11-27T11:40:15+08:00][sql] SELECT * FROM `admin_menu` WHERE (  `url` = 'admin/admin_user/index' ) AND `admin_menu`.`delete_time` = '0' LIMIT 1 [ RunTime:0.001340s ]
[2023-11-27T11:40:15+08:00][sql] SELECT COUNT(*) AS think_count FROM `admin_user` WHERE `admin_user`.`delete_time` = '0' [ RunTime:0.000517s ]
[2023-11-27T11:40:15+08:00][sql] SELECT * FROM `admin_user` WHERE `admin_user`.`delete_time` = '0' ORDER BY `id` DESC LIMIT 0,10 [ RunTime:0.000446s ]
[2023-11-27T11:40:15+08:00][sql] SHOW FULL COLUMNS FROM `setting_group` [ RunTime:0.003220s ]
[2023-11-27T11:40:15+08:00][sql] SELECT * FROM `setting_group` WHERE (  `code` = 'admin.display.top_nav' ) AND `setting_group`.`delete_time` = '0' LIMIT 1 [ RunTime:0.000524s ]
[2023-11-27T11:40:15+08:00][sql] SELECT `id`,`parent_id`,`name`,`icon` FROM `admin_menu` WHERE `admin_menu`.`delete_time` = '0' [ RunTime:0.000451s ]
[2023-11-27T11:40:15+08:00][sql] SHOW FULL COLUMNS FROM `admin_role` [ RunTime:0.002397s ]
[2023-11-27T11:40:15+08:00][sql] SELECT * FROM `admin_role` WHERE (  `id` = 2 ) AND `admin_role`.`delete_time` = '0' [ RunTime:0.000494s ]
[2023-11-27T11:40:15+08:00][sql] SELECT * FROM `admin_role` WHERE (  `id` = 1 ) AND `admin_role`.`delete_time` = '0' [ RunTime:0.000335s ]
[2023-11-27T11:40:15+08:00][sql] SELECT * FROM `admin_role` WHERE (  `id` = 1 ) AND `admin_role`.`delete_time` = '0' [ RunTime:0.000255s ]
[2023-11-27T11:40:21+08:00][sql] CONNECT:[ UseTime:0.000861s ] mysql:host=127.0.0.1;port=3306;dbname=tp6adminlte3;charset=utf8mb4
[2023-11-27T11:40:21+08:00][sql] SHOW FULL COLUMNS FROM `admin_user` [ RunTime:0.001302s ]
[2023-11-27T11:40:21+08:00][sql] SELECT * FROM `admin_user` WHERE (  `id` = 2 ) AND `admin_user`.`delete_time` = '0' LIMIT 1 [ RunTime:0.000396s ]
[2023-11-27T11:40:21+08:00][sql] SHOW FULL COLUMNS FROM `admin_menu` [ RunTime:0.000687s ]
[2023-11-27T11:40:21+08:00][sql] SELECT * FROM `admin_menu` WHERE (  `url` = 'admin/admin_role/index' ) AND `admin_menu`.`delete_time` = '0' LIMIT 1 [ RunTime:0.000703s ]
[2023-11-27T11:40:21+08:00][sql] SHOW FULL COLUMNS FROM `admin_role` [ RunTime:0.001210s ]
[2023-11-27T11:40:21+08:00][sql] SELECT COUNT(*) AS think_count FROM `admin_role` WHERE `admin_role`.`delete_time` = '0' [ RunTime:0.000406s ]
[2023-11-27T11:40:21+08:00][sql] SELECT * FROM `admin_role` WHERE `admin_role`.`delete_time` = '0' ORDER BY `id` DESC LIMIT 0,10 [ RunTime:0.000343s ]
[2023-11-27T11:40:21+08:00][sql] SHOW FULL COLUMNS FROM `setting_group` [ RunTime:0.000750s ]
[2023-11-27T11:40:21+08:00][sql] SELECT * FROM `setting_group` WHERE (  `code` = 'admin.display.top_nav' ) AND `setting_group`.`delete_time` = '0' LIMIT 1 [ RunTime:0.000316s ]
[2023-11-27T11:40:21+08:00][sql] SELECT `id`,`parent_id`,`name`,`icon` FROM `admin_menu` WHERE `admin_menu`.`delete_time` = '0' [ RunTime:0.000332s ]
[2023-11-27T11:40:32+08:00][sql] CONNECT:[ UseTime:0.000686s ] mysql:host=127.0.0.1;port=3306;dbname=tp6adminlte3;charset=utf8mb4
[2023-11-27T11:40:32+08:00][sql] SHOW FULL COLUMNS FROM `admin_user` [ RunTime:0.001238s ]
[2023-11-27T11:40:32+08:00][sql] SELECT * FROM `admin_user` WHERE (  `id` = 2 ) AND `admin_user`.`delete_time` = '0' LIMIT 1 [ RunTime:0.000437s ]
[2023-11-27T11:40:32+08:00][sql] SHOW FULL COLUMNS FROM `admin_menu` [ RunTime:0.001006s ]
[2023-11-27T11:40:32+08:00][sql] SELECT * FROM `admin_menu` WHERE (  `url` = 'admin/admin_menu/index' ) AND `admin_menu`.`delete_time` = '0' LIMIT 1 [ RunTime:0.009956s ]
[2023-11-27T11:40:32+08:00][sql] SELECT * FROM `admin_menu` WHERE `admin_menu`.`delete_time` = '0' ORDER BY `sort_number` ASC,`id` ASC [ RunTime:0.000596s ]
[2023-11-27T11:40:32+08:00][sql] SHOW FULL COLUMNS FROM `setting_group` [ RunTime:0.000963s ]
[2023-11-27T11:40:32+08:00][sql] SELECT * FROM `setting_group` WHERE (  `code` = 'admin.display.top_nav' ) AND `setting_group`.`delete_time` = '0' LIMIT 1 [ RunTime:0.000424s ]
[2023-11-27T11:40:32+08:00][sql] SELECT `id`,`parent_id`,`name`,`icon` FROM `admin_menu` WHERE `admin_menu`.`delete_time` = '0' [ RunTime:0.000355s ]
[2023-11-27T11:40:35+08:00][sql] CONNECT:[ UseTime:0.001665s ] mysql:host=127.0.0.1;port=3306;dbname=tp6adminlte3;charset=utf8mb4
[2023-11-27T11:40:35+08:00][sql] SHOW FULL COLUMNS FROM `admin_user` [ RunTime:0.002701s ]
[2023-11-27T11:40:35+08:00][sql] SELECT * FROM `admin_user` WHERE (  `id` = 2 ) AND `admin_user`.`delete_time` = '0' LIMIT 1 [ RunTime:0.000704s ]
[2023-11-27T11:40:35+08:00][sql] SHOW FULL COLUMNS FROM `admin_menu` [ RunTime:0.001182s ]
[2023-11-27T11:40:35+08:00][sql] SELECT * FROM `admin_menu` WHERE (  `url` = 'admin/admin_role/index' ) AND `admin_menu`.`delete_time` = '0' LIMIT 1 [ RunTime:0.000901s ]
[2023-11-27T11:40:35+08:00][sql] SHOW FULL COLUMNS FROM `admin_role` [ RunTime:0.002351s ]
[2023-11-27T11:40:35+08:00][sql] SELECT COUNT(*) AS think_count FROM `admin_role` WHERE `admin_role`.`delete_time` = '0' [ RunTime:0.000635s ]
[2023-11-27T11:40:35+08:00][sql] SELECT * FROM `admin_role` WHERE `admin_role`.`delete_time` = '0' ORDER BY `id` DESC LIMIT 0,10 [ RunTime:0.000549s ]
[2023-11-27T11:40:35+08:00][sql] SHOW FULL COLUMNS FROM `setting_group` [ RunTime:0.001445s ]
[2023-11-27T11:40:35+08:00][sql] SELECT * FROM `setting_group` WHERE (  `code` = 'admin.display.top_nav' ) AND `setting_group`.`delete_time` = '0' LIMIT 1 [ RunTime:0.000617s ]
[2023-11-27T11:40:35+08:00][sql] SELECT `id`,`parent_id`,`name`,`icon` FROM `admin_menu` WHERE `admin_menu`.`delete_time` = '0' [ RunTime:0.000622s ]
[2023-11-27T11:40:36+08:00][sql] CONNECT:[ UseTime:0.001013s ] mysql:host=127.0.0.1;port=3306;dbname=tp6adminlte3;charset=utf8mb4
[2023-11-27T11:40:36+08:00][sql] SHOW FULL COLUMNS FROM `admin_user` [ RunTime:0.001977s ]
[2023-11-27T11:40:36+08:00][sql] SELECT * FROM `admin_user` WHERE (  `id` = 2 ) AND `admin_user`.`delete_time` = '0' LIMIT 1 [ RunTime:0.000578s ]
[2023-11-27T11:40:36+08:00][sql] SHOW FULL COLUMNS FROM `admin_menu` [ RunTime:0.001147s ]
[2023-11-27T11:40:36+08:00][sql] SELECT * FROM `admin_menu` WHERE (  `url` = 'admin/admin_menu/index' ) AND `admin_menu`.`delete_time` = '0' LIMIT 1 [ RunTime:0.000572s ]
[2023-11-27T11:40:36+08:00][sql] SELECT * FROM `admin_menu` WHERE `admin_menu`.`delete_time` = '0' ORDER BY `sort_number` ASC,`id` ASC [ RunTime:0.001297s ]
[2023-11-27T11:40:36+08:00][sql] SHOW FULL COLUMNS FROM `setting_group` [ RunTime:0.000929s ]
[2023-11-27T11:40:36+08:00][sql] SELECT * FROM `setting_group` WHERE (  `code` = 'admin.display.top_nav' ) AND `setting_group`.`delete_time` = '0' LIMIT 1 [ RunTime:0.000348s ]
[2023-11-27T11:40:36+08:00][sql] SELECT `id`,`parent_id`,`name`,`icon` FROM `admin_menu` WHERE `admin_menu`.`delete_time` = '0' [ RunTime:0.000283s ]
[2023-11-27T11:40:43+08:00][sql] CONNECT:[ UseTime:0.001955s ] mysql:host=127.0.0.1;port=3306;dbname=tp6adminlte3;charset=utf8mb4
[2023-11-27T11:40:43+08:00][sql] SHOW FULL COLUMNS FROM `admin_user` [ RunTime:0.029831s ]
[2023-11-27T11:40:43+08:00][sql] SELECT * FROM `admin_user` WHERE (  `id` = 2 ) AND `admin_user`.`delete_time` = '0' LIMIT 1 [ RunTime:0.000392s ]
[2023-11-27T11:40:43+08:00][sql] SHOW FULL COLUMNS FROM `admin_menu` [ RunTime:0.000686s ]
[2023-11-27T11:40:43+08:00][sql] SELECT * FROM `admin_menu` WHERE (  `url` = 'admin/admin_menu/add' ) AND `admin_menu`.`delete_time` = '0' LIMIT 1 [ RunTime:0.000351s ]
[2023-11-27T11:40:43+08:00][sql] SELECT `id`,`parent_id`,`name` FROM `admin_menu` WHERE `admin_menu`.`delete_time` = '0' [ RunTime:0.001662s ]
[2023-11-27T11:40:43+08:00][sql] SHOW FULL COLUMNS FROM `setting_group` [ RunTime:0.000874s ]
[2023-11-27T11:40:43+08:00][sql] SELECT * FROM `setting_group` WHERE (  `code` = 'admin.display.top_nav' ) AND `setting_group`.`delete_time` = '0' LIMIT 1 [ RunTime:0.000338s ]
[2023-11-27T11:40:43+08:00][sql] SELECT `id`,`parent_id`,`name`,`icon` FROM `admin_menu` WHERE `admin_menu`.`delete_time` = '0' [ RunTime:0.000268s ]
[2023-11-27T11:40:59+08:00][sql] CONNECT:[ UseTime:0.003328s ] mysql:host=127.0.0.1;port=3306;dbname=tp6adminlte3;charset=utf8mb4
[2023-11-27T11:40:59+08:00][sql] SHOW FULL COLUMNS FROM `admin_user` [ RunTime:0.002345s ]
[2023-11-27T11:40:59+08:00][sql] SELECT * FROM `admin_user` WHERE (  `id` = 2 ) AND `admin_user`.`delete_time` = '0' LIMIT 1 [ RunTime:0.000735s ]
[2023-11-27T11:40:59+08:00][sql] SHOW FULL COLUMNS FROM `admin_menu` [ RunTime:0.002726s ]
[2023-11-27T11:40:59+08:00][sql] SELECT * FROM `admin_menu` WHERE (  `url` = 'admin/admin_role/index' ) AND `admin_menu`.`delete_time` = '0' LIMIT 1 [ RunTime:0.000747s ]
[2023-11-27T11:40:59+08:00][sql] SHOW FULL COLUMNS FROM `admin_role` [ RunTime:0.003828s ]
[2023-11-27T11:40:59+08:00][sql] SELECT COUNT(*) AS think_count FROM `admin_role` WHERE `admin_role`.`delete_time` = '0' [ RunTime:0.000699s ]
[2023-11-27T11:40:59+08:00][sql] SELECT * FROM `admin_role` WHERE `admin_role`.`delete_time` = '0' ORDER BY `id` DESC LIMIT 0,10 [ RunTime:0.000560s ]
[2023-11-27T11:40:59+08:00][sql] SHOW FULL COLUMNS FROM `setting_group` [ RunTime:0.002123s ]
[2023-11-27T11:40:59+08:00][sql] SELECT * FROM `setting_group` WHERE (  `code` = 'admin.display.top_nav' ) AND `setting_group`.`delete_time` = '0' LIMIT 1 [ RunTime:0.000633s ]
[2023-11-27T11:40:59+08:00][sql] SELECT `id`,`parent_id`,`name`,`icon` FROM `admin_menu` WHERE `admin_menu`.`delete_time` = '0' [ RunTime:0.000523s ]
[2023-11-27T11:41:01+08:00][sql] CONNECT:[ UseTime:0.001730s ] mysql:host=127.0.0.1;port=3306;dbname=tp6adminlte3;charset=utf8mb4
[2023-11-27T11:41:01+08:00][sql] SHOW FULL COLUMNS FROM `admin_user` [ RunTime:0.013749s ]
[2023-11-27T11:41:01+08:00][sql] SELECT * FROM `admin_user` WHERE (  `id` = 2 ) AND `admin_user`.`delete_time` = '0' LIMIT 1 [ RunTime:0.001113s ]
[2023-11-27T11:41:01+08:00][sql] SHOW FULL COLUMNS FROM `admin_menu` [ RunTime:0.002877s ]
[2023-11-27T11:41:01+08:00][sql] SELECT * FROM `admin_menu` WHERE (  `url` = 'admin/admin_role/access' ) AND `admin_menu`.`delete_time` = '0' LIMIT 1 [ RunTime:0.000843s ]
[2023-11-27T11:41:01+08:00][sql] SHOW FULL COLUMNS FROM `admin_role` [ RunTime:0.002358s ]
[2023-11-27T11:41:01+08:00][sql] SELECT * FROM `admin_role` WHERE (  `id` = 2 ) AND `admin_role`.`delete_time` = '0' LIMIT 1 [ RunTime:0.000422s ]
[2023-11-27T11:41:01+08:00][sql] SELECT * FROM `admin_menu` WHERE `admin_menu`.`delete_time` = '0' ORDER BY `sort_number` ASC,`id` ASC [ RunTime:0.002158s ]
[2023-11-27T11:41:01+08:00][sql] SHOW FULL COLUMNS FROM `setting_group` [ RunTime:0.002949s ]
[2023-11-27T11:41:01+08:00][sql] SELECT * FROM `setting_group` WHERE (  `code` = 'admin.display.top_nav' ) AND `setting_group`.`delete_time` = '0' LIMIT 1 [ RunTime:0.000627s ]
[2023-11-27T11:41:01+08:00][sql] SELECT `id`,`parent_id`,`name`,`icon` FROM `admin_menu` WHERE `admin_menu`.`delete_time` = '0' [ RunTime:0.000412s ]
[2023-11-27T11:41:08+08:00][sql] CONNECT:[ UseTime:0.001008s ] mysql:host=127.0.0.1;port=3306;dbname=tp6adminlte3;charset=utf8mb4
[2023-11-27T11:41:08+08:00][sql] SHOW FULL COLUMNS FROM `admin_user` [ RunTime:0.002457s ]
[2023-11-27T11:41:08+08:00][sql] SELECT * FROM `admin_user` WHERE (  `id` = 2 ) AND `admin_user`.`delete_time` = '0' LIMIT 1 [ RunTime:0.000819s ]
[2023-11-27T11:41:08+08:00][sql] SHOW FULL COLUMNS FROM `admin_menu` [ RunTime:0.001592s ]
[2023-11-27T11:41:08+08:00][sql] SELECT * FROM `admin_menu` WHERE (  `url` = 'admin/admin_role/index' ) AND `admin_menu`.`delete_time` = '0' LIMIT 1 [ RunTime:0.000819s ]
[2023-11-27T11:41:08+08:00][sql] SHOW FULL COLUMNS FROM `admin_role` [ RunTime:0.002797s ]
[2023-11-27T11:41:08+08:00][sql] SELECT COUNT(*) AS think_count FROM `admin_role` WHERE `admin_role`.`delete_time` = '0' [ RunTime:0.000509s ]
[2023-11-27T11:41:08+08:00][sql] SELECT * FROM `admin_role` WHERE `admin_role`.`delete_time` = '0' ORDER BY `id` DESC LIMIT 0,10 [ RunTime:0.000420s ]
[2023-11-27T11:41:08+08:00][sql] SHOW FULL COLUMNS FROM `setting_group` [ RunTime:0.003798s ]
[2023-11-27T11:41:08+08:00][sql] SELECT * FROM `setting_group` WHERE (  `code` = 'admin.display.top_nav' ) AND `setting_group`.`delete_time` = '0' LIMIT 1 [ RunTime:0.000356s ]
[2023-11-27T11:41:08+08:00][sql] SELECT `id`,`parent_id`,`name`,`icon` FROM `admin_menu` WHERE `admin_menu`.`delete_time` = '0' [ RunTime:0.000267s ]
[2023-11-27T11:41:12+08:00][sql] CONNECT:[ UseTime:0.001725s ] mysql:host=127.0.0.1;port=3306;dbname=tp6adminlte3;charset=utf8mb4
[2023-11-27T11:41:12+08:00][sql] SHOW FULL COLUMNS FROM `admin_user` [ RunTime:0.001928s ]
[2023-11-27T11:41:12+08:00][sql] SELECT * FROM `admin_user` WHERE (  `id` = 2 ) AND `admin_user`.`delete_time` = '0' LIMIT 1 [ RunTime:0.000703s ]
[2023-11-27T11:41:12+08:00][sql] SHOW FULL COLUMNS FROM `admin_menu` [ RunTime:0.001129s ]
[2023-11-27T11:41:12+08:00][sql] SELECT * FROM `admin_menu` WHERE (  `url` = 'admin/admin_role/access' ) AND `admin_menu`.`delete_time` = '0' LIMIT 1 [ RunTime:0.000579s ]
[2023-11-27T11:41:12+08:00][sql] SHOW FULL COLUMNS FROM `admin_role` [ RunTime:0.004164s ]
[2023-11-27T11:41:12+08:00][sql] SELECT * FROM `admin_role` WHERE (  `id` = 2 ) AND `admin_role`.`delete_time` = '0' LIMIT 1 [ RunTime:0.000553s ]
[2023-11-27T11:41:12+08:00][sql] SELECT * FROM `admin_menu` WHERE `admin_menu`.`delete_time` = '0' ORDER BY `sort_number` ASC,`id` ASC [ RunTime:0.000859s ]
[2023-11-27T11:41:12+08:00][sql] SHOW FULL COLUMNS FROM `setting_group` [ RunTime:0.000892s ]
[2023-11-27T11:41:12+08:00][sql] SELECT * FROM `setting_group` WHERE (  `code` = 'admin.display.top_nav' ) AND `setting_group`.`delete_time` = '0' LIMIT 1 [ RunTime:0.000426s ]
[2023-11-27T11:41:12+08:00][sql] SELECT `id`,`parent_id`,`name`,`icon` FROM `admin_menu` WHERE `admin_menu`.`delete_time` = '0' [ RunTime:0.000290s ]
[2023-11-27T11:41:16+08:00][sql] CONNECT:[ UseTime:0.001074s ] mysql:host=127.0.0.1;port=3306;dbname=tp6adminlte3;charset=utf8mb4
[2023-11-27T11:41:16+08:00][sql] SHOW FULL COLUMNS FROM `admin_user` [ RunTime:0.053483s ]
[2023-11-27T11:41:16+08:00][sql] SELECT * FROM `admin_user` WHERE (  `id` = 2 ) AND `admin_user`.`delete_time` = '0' LIMIT 1 [ RunTime:0.000356s ]
[2023-11-27T11:41:16+08:00][sql] SHOW FULL COLUMNS FROM `admin_menu` [ RunTime:0.000712s ]
[2023-11-27T11:41:16+08:00][sql] SELECT * FROM `admin_menu` WHERE (  `url` = 'admin/admin_role/index' ) AND `admin_menu`.`delete_time` = '0' LIMIT 1 [ RunTime:0.000339s ]
[2023-11-27T11:41:16+08:00][sql] SHOW FULL COLUMNS FROM `admin_role` [ RunTime:0.014367s ]
[2023-11-27T11:41:16+08:00][sql] SELECT COUNT(*) AS think_count FROM `admin_role` WHERE `admin_role`.`delete_time` = '0' [ RunTime:0.000335s ]
[2023-11-27T11:41:16+08:00][sql] SELECT * FROM `admin_role` WHERE `admin_role`.`delete_time` = '0' ORDER BY `id` DESC LIMIT 0,10 [ RunTime:0.000258s ]
[2023-11-27T11:41:16+08:00][sql] SHOW FULL COLUMNS FROM `setting_group` [ RunTime:0.002699s ]
[2023-11-27T11:41:16+08:00][sql] SELECT * FROM `setting_group` WHERE (  `code` = 'admin.display.top_nav' ) AND `setting_group`.`delete_time` = '0' LIMIT 1 [ RunTime:0.000378s ]
[2023-11-27T11:41:16+08:00][sql] SELECT `id`,`parent_id`,`name`,`icon` FROM `admin_menu` WHERE `admin_menu`.`delete_time` = '0' [ RunTime:0.000297s ]
[2023-11-27T11:41:24+08:00][sql] CONNECT:[ UseTime:0.001010s ] mysql:host=127.0.0.1;port=3306;dbname=tp6adminlte3;charset=utf8mb4
[2023-11-27T11:41:24+08:00][sql] SHOW FULL COLUMNS FROM `admin_user` [ RunTime:0.004471s ]
[2023-11-27T11:41:24+08:00][sql] SELECT * FROM `admin_user` WHERE (  `id` = 2 ) AND `admin_user`.`delete_time` = '0' LIMIT 1 [ RunTime:0.000929s ]
[2023-11-27T11:41:24+08:00][sql] SHOW FULL COLUMNS FROM `admin_menu` [ RunTime:0.001972s ]
[2023-11-27T11:41:24+08:00][sql] SELECT * FROM `admin_menu` WHERE (  `url` = 'admin/admin_user/profile' ) AND `admin_menu`.`delete_time` = '0' LIMIT 1 [ RunTime:0.000881s ]
[2023-11-27T11:41:24+08:00][sql] SHOW FULL COLUMNS FROM `setting_group` [ RunTime:0.003173s ]
[2023-11-27T11:41:24+08:00][sql] SELECT * FROM `setting_group` WHERE (  `code` = 'admin.display.top_nav' ) AND `setting_group`.`delete_time` = '0' LIMIT 1 [ RunTime:0.000864s ]
[2023-11-27T11:41:24+08:00][sql] SELECT `id`,`parent_id`,`name`,`icon` FROM `admin_menu` WHERE `admin_menu`.`delete_time` = '0' [ RunTime:0.001254s ]
[2023-11-27T11:41:33+08:00][sql] CONNECT:[ UseTime:0.000696s ] mysql:host=127.0.0.1;port=3306;dbname=tp6adminlte3;charset=utf8mb4
[2023-11-27T11:41:33+08:00][sql] SHOW FULL COLUMNS FROM `admin_user` [ RunTime:0.001445s ]
[2023-11-27T11:41:33+08:00][sql] SELECT * FROM `admin_user` WHERE (  `id` = 2 ) AND `admin_user`.`delete_time` = '0' LIMIT 1 [ RunTime:0.000329s ]
[2023-11-27T11:41:33+08:00][sql] SHOW FULL COLUMNS FROM `admin_menu` [ RunTime:0.001214s ]
[2023-11-27T11:41:33+08:00][sql] SELECT * FROM `admin_menu` WHERE (  `url` = 'admin/setting/admin' ) AND `admin_menu`.`delete_time` = '0' LIMIT 1 [ RunTime:0.000451s ]
[2023-11-27T11:41:33+08:00][sql] SHOW FULL COLUMNS FROM `setting` [ RunTime:0.047697s ]
[2023-11-27T11:41:33+08:00][sql] SELECT * FROM `setting` WHERE (  `setting_group_id` = 1 ) AND `setting`.`delete_time` = '0' [ RunTime:0.000461s ]
[2023-11-27T11:41:33+08:00][error] [0]Class "\generate\field\Text" not found[D:\0WNMP\www\1tp8-adminlte3\app\admin\traits\AdminSettingForm.php:17]
[2023-11-27T11:41:33+08:00][sql] CONNECT:[ UseTime:0.001871s ] mysql:host=127.0.0.1;port=3306;dbname=tp6adminlte3;charset=utf8mb4
[2023-11-27T11:41:33+08:00][sql] SHOW FULL COLUMNS FROM `admin_user` [ RunTime:0.034305s ]
[2023-11-27T11:41:33+08:00][sql] SELECT * FROM `admin_user` WHERE (  `id` = 2 ) AND `admin_user`.`delete_time` = '0' LIMIT 1 [ RunTime:0.000505s ]
[2023-11-27T11:41:33+08:00][sql] SHOW FULL COLUMNS FROM `admin_menu` [ RunTime:0.000792s ]
[2023-11-27T11:41:33+08:00][sql] SELECT * FROM `admin_menu` WHERE (  `url` = 'admin/setting/admin' ) AND `admin_menu`.`delete_time` = '0' LIMIT 1 [ RunTime:0.000365s ]
[2023-11-27T11:41:33+08:00][sql] SHOW FULL COLUMNS FROM `setting` [ RunTime:0.001861s ]
[2023-11-27T11:41:33+08:00][sql] SELECT * FROM `setting` WHERE (  `setting_group_id` = 1 ) AND `setting`.`delete_time` = '0' [ RunTime:0.000334s ]
[2023-11-27T11:41:33+08:00][error] [0]Class "\generate\field\Text" not found[D:\0WNMP\www\1tp8-adminlte3\app\admin\traits\AdminSettingForm.php:17]
[2023-11-27T11:41:46+08:00][sql] CONNECT:[ UseTime:0.000747s ] mysql:host=127.0.0.1;port=3306;dbname=tp6adminlte3;charset=utf8mb4
[2023-11-27T11:41:46+08:00][sql] SHOW FULL COLUMNS FROM `admin_user` [ RunTime:0.001743s ]
[2023-11-27T11:41:46+08:00][sql] SELECT * FROM `admin_user` WHERE (  `id` = 2 ) AND `admin_user`.`delete_time` = '0' LIMIT 1 [ RunTime:0.000385s ]
[2023-11-27T11:41:46+08:00][sql] SHOW FULL COLUMNS FROM `admin_menu` [ RunTime:0.000921s ]
[2023-11-27T11:41:46+08:00][sql] SELECT * FROM `admin_menu` WHERE (  `url` = 'admin/admin_user/profile' ) AND `admin_menu`.`delete_time` = '0' LIMIT 1 [ RunTime:0.000732s ]
[2023-11-27T11:41:46+08:00][sql] SHOW FULL COLUMNS FROM `setting_group` [ RunTime:0.000922s ]
[2023-11-27T11:41:46+08:00][sql] SELECT * FROM `setting_group` WHERE (  `code` = 'admin.display.top_nav' ) AND `setting_group`.`delete_time` = '0' LIMIT 1 [ RunTime:0.000340s ]
[2023-11-27T11:41:46+08:00][sql] SELECT `id`,`parent_id`,`name`,`icon` FROM `admin_menu` WHERE `admin_menu`.`delete_time` = '0' [ RunTime:0.000308s ]
[2023-11-27T11:41:46+08:00][sql] SHOW FULL COLUMNS FROM `admin_role` [ RunTime:0.000673s ]
[2023-11-27T11:41:46+08:00][sql] SELECT `url` FROM `admin_role` WHERE (  `id` = 1  AND `status` = 1 ) AND `admin_role`.`delete_time` = '0' [ RunTime:0.000301s ]
[2023-11-27T11:41:46+08:00][sql] SELECT `id`,`parent_id`,`name`,`url`,`icon`,`sort_number` FROM `admin_menu` WHERE (  `id` IN (1,2,3,4,5,6,7,8,9,10,11,12,13,14,15,16,17,18,19,20,21,22,23,24,25,32,33,34,35,36,37,38,39,40,41,42,43,44,47,48,49,50,51,52,53,54,55)  AND `is_show` = 1 ) AND `admin_menu`.`delete_time` = '0' ORDER BY `sort_number` ASC,`id` ASC [ RunTime:0.000686s ]
[2023-11-27T11:41:52+08:00][sql] CONNECT:[ UseTime:0.001537s ] mysql:host=127.0.0.1;port=3306;dbname=tp6adminlte3;charset=utf8mb4
[2023-11-27T11:41:52+08:00][sql] SHOW FULL COLUMNS FROM `admin_user` [ RunTime:0.002767s ]
[2023-11-27T11:41:52+08:00][sql] SELECT * FROM `admin_user` WHERE (  `id` = 2 ) AND `admin_user`.`delete_time` = '0' LIMIT 1 [ RunTime:0.000625s ]
[2023-11-27T11:41:52+08:00][sql] SHOW FULL COLUMNS FROM `admin_menu` [ RunTime:0.001288s ]
[2023-11-27T11:41:52+08:00][sql] SELECT * FROM `admin_menu` WHERE (  `url` = 'admin/setting/all' ) AND `admin_menu`.`delete_time` = '0' LIMIT 1 [ RunTime:0.000615s ]
[2023-11-27T11:41:52+08:00][sql] SHOW FULL COLUMNS FROM `setting_group` [ RunTime:0.001851s ]
[2023-11-27T11:41:52+08:00][sql] SELECT COUNT(*) AS think_count FROM `setting_group` WHERE `setting_group`.`delete_time` = '0' [ RunTime:0.000625s ]
[2023-11-27T11:41:52+08:00][sql] SELECT * FROM `setting_group` WHERE `setting_group`.`delete_time` = '0' ORDER BY `id` DESC LIMIT 0,10 [ RunTime:0.000980s ]
[2023-11-27T11:41:52+08:00][sql] SELECT * FROM `setting_group` WHERE (  `code` = 'admin.display.top_nav' ) AND `setting_group`.`delete_time` = '0' LIMIT 1 [ RunTime:0.000539s ]
[2023-11-27T11:41:52+08:00][sql] SELECT `id`,`parent_id`,`name`,`icon` FROM `admin_menu` WHERE `admin_menu`.`delete_time` = '0' [ RunTime:0.000488s ]
[2023-11-27T11:41:54+08:00][sql] CONNECT:[ UseTime:0.002002s ] mysql:host=127.0.0.1;port=3306;dbname=tp6adminlte3;charset=utf8mb4
[2023-11-27T11:41:54+08:00][sql] SHOW FULL COLUMNS FROM `admin_user` [ RunTime:0.004801s ]
[2023-11-27T11:41:54+08:00][sql] SELECT * FROM `admin_user` WHERE (  `id` = 2 ) AND `admin_user`.`delete_time` = '0' LIMIT 1 [ RunTime:0.000496s ]
[2023-11-27T11:41:54+08:00][sql] SHOW FULL COLUMNS FROM `admin_menu` [ RunTime:0.000752s ]
[2023-11-27T11:41:54+08:00][sql] SELECT * FROM `admin_menu` WHERE (  `url` = 'admin/setting/info' ) AND `admin_menu`.`delete_time` = '0' LIMIT 1 [ RunTime:0.000382s ]
[2023-11-27T11:41:54+08:00][sql] SHOW FULL COLUMNS FROM `setting` [ RunTime:0.001793s ]
[2023-11-27T11:41:54+08:00][sql] SELECT * FROM `setting` WHERE (  `setting_group_id` = 1 ) AND `setting`.`delete_time` = '0' [ RunTime:0.000560s ]
[2023-11-27T11:41:54+08:00][error] [0]Class "\generate\field\Text" not found[D:\0WNMP\www\1tp8-adminlte3\app\admin\traits\AdminSettingForm.php:17]
[2023-11-27T11:41:55+08:00][sql] CONNECT:[ UseTime:0.000872s ] mysql:host=127.0.0.1;port=3306;dbname=tp6adminlte3;charset=utf8mb4
[2023-11-27T11:41:55+08:00][sql] SHOW FULL COLUMNS FROM `admin_user` [ RunTime:0.003104s ]
[2023-11-27T11:41:55+08:00][sql] SELECT * FROM `admin_user` WHERE (  `id` = 2 ) AND `admin_user`.`delete_time` = '0' LIMIT 1 [ RunTime:0.000845s ]
[2023-11-27T11:41:55+08:00][sql] SHOW FULL COLUMNS FROM `admin_menu` [ RunTime:0.002257s ]
[2023-11-27T11:41:55+08:00][sql] SELECT * FROM `admin_menu` WHERE (  `url` = 'admin/setting/info' ) AND `admin_menu`.`delete_time` = '0' LIMIT 1 [ RunTime:0.000661s ]
[2023-11-27T11:41:55+08:00][sql] SHOW FULL COLUMNS FROM `setting` [ RunTime:0.002588s ]
[2023-11-27T11:41:55+08:00][sql] SELECT * FROM `setting` WHERE (  `setting_group_id` = 1 ) AND `setting`.`delete_time` = '0' [ RunTime:0.000352s ]
[2023-11-27T11:41:55+08:00][error] [0]Class "\generate\field\Text" not found[D:\0WNMP\www\1tp8-adminlte3\app\admin\traits\AdminSettingForm.php:17]
[2023-11-27T11:41:57+08:00][sql] CONNECT:[ UseTime:0.001327s ] mysql:host=127.0.0.1;port=3306;dbname=tp6adminlte3;charset=utf8mb4
[2023-11-27T11:41:57+08:00][sql] SHOW FULL COLUMNS FROM `admin_user` [ RunTime:0.001013s ]
[2023-11-27T11:41:57+08:00][sql] SELECT * FROM `admin_user` WHERE (  `id` = 2 ) AND `admin_user`.`delete_time` = '0' LIMIT 1 [ RunTime:0.000557s ]
[2023-11-27T11:41:57+08:00][sql] SHOW FULL COLUMNS FROM `admin_menu` [ RunTime:0.001215s ]
[2023-11-27T11:41:57+08:00][sql] SELECT * FROM `admin_menu` WHERE (  `url` = 'admin/setting/all' ) AND `admin_menu`.`delete_time` = '0' LIMIT 1 [ RunTime:0.000442s ]
[2023-11-27T11:41:57+08:00][sql] SHOW FULL COLUMNS FROM `setting_group` [ RunTime:0.000662s ]
[2023-11-27T11:41:57+08:00][sql] SELECT COUNT(*) AS think_count FROM `setting_group` WHERE `setting_group`.`delete_time` = '0' [ RunTime:0.000281s ]
[2023-11-27T11:41:57+08:00][sql] SELECT * FROM `setting_group` WHERE `setting_group`.`delete_time` = '0' ORDER BY `id` DESC LIMIT 0,10 [ RunTime:0.000286s ]
[2023-11-27T11:41:57+08:00][sql] SELECT * FROM `setting_group` WHERE (  `code` = 'admin.display.top_nav' ) AND `setting_group`.`delete_time` = '0' LIMIT 1 [ RunTime:0.000317s ]
[2023-11-27T11:41:57+08:00][sql] SELECT `id`,`parent_id`,`name`,`icon` FROM `admin_menu` WHERE `admin_menu`.`delete_time` = '0' [ RunTime:0.000300s ]
[2023-11-27T11:41:57+08:00][sql] SHOW FULL COLUMNS FROM `admin_role` [ RunTime:0.002665s ]
[2023-11-27T11:41:57+08:00][sql] SELECT `url` FROM `admin_role` WHERE (  `id` = 1  AND `status` = 1 ) AND `admin_role`.`delete_time` = '0' [ RunTime:0.000776s ]
[2023-11-27T11:41:57+08:00][sql] SELECT `id`,`parent_id`,`name`,`url`,`icon`,`sort_number` FROM `admin_menu` WHERE (  `id` IN (1,2,3,4,5,6,7,8,9,10,11,12,13,14,15,16,17,18,19,20,21,22,23,24,25,32,33,34,35,36,37,38,39,40,41,42,43,44,47,48,49,50,51,52,53,54,55)  AND `is_show` = 1 ) AND `admin_menu`.`delete_time` = '0' ORDER BY `sort_number` ASC,`id` ASC [ RunTime:0.000736s ]
[2023-11-27T11:42:01+08:00][sql] CONNECT:[ UseTime:0.001549s ] mysql:host=127.0.0.1;port=3306;dbname=tp6adminlte3;charset=utf8mb4
[2023-11-27T11:42:01+08:00][sql] SHOW FULL COLUMNS FROM `admin_user` [ RunTime:0.001922s ]
[2023-11-27T11:42:01+08:00][sql] SELECT * FROM `admin_user` WHERE (  `id` = 2 ) AND `admin_user`.`delete_time` = '0' LIMIT 1 [ RunTime:0.000990s ]
[2023-11-27T11:42:01+08:00][sql] SHOW FULL COLUMNS FROM `admin_menu` [ RunTime:0.001949s ]
[2023-11-27T11:42:01+08:00][sql] SELECT * FROM `admin_menu` WHERE (  `url` = 'admin/user/index' ) AND `admin_menu`.`delete_time` = '0' LIMIT 1 [ RunTime:0.001159s ]
[2023-11-27T11:42:01+08:00][sql] SHOW FULL COLUMNS FROM `user` [ RunTime:0.001261s ]
[2023-11-27T11:42:01+08:00][sql] SELECT COUNT(*) AS think_count FROM `user` WHERE `user`.`delete_time` = '0' [ RunTime:0.000539s ]
[2023-11-27T11:42:01+08:00][sql] SELECT * FROM `user` WHERE `user`.`delete_time` = '0' ORDER BY `id` DESC LIMIT 0,10 [ RunTime:0.000518s ]
[2023-11-27T11:42:01+08:00][sql] SHOW FULL COLUMNS FROM `user_level` [ RunTime:0.001488s ]
[2023-11-27T11:42:01+08:00][sql] SELECT * FROM `user_level` WHERE (  `id` IN (1,2,3) ) AND `user_level`.`delete_time` = '0' [ RunTime:0.000710s ]
[2023-11-27T11:42:01+08:00][sql] SELECT * FROM `user_level` WHERE `user_level`.`delete_time` = '0' [ RunTime:0.001070s ]
[2023-11-27T11:42:01+08:00][sql] SHOW FULL COLUMNS FROM `setting_group` [ RunTime:0.002006s ]
[2023-11-27T11:42:01+08:00][sql] SELECT * FROM `setting_group` WHERE (  `code` = 'admin.display.top_nav' ) AND `setting_group`.`delete_time` = '0' LIMIT 1 [ RunTime:0.000600s ]
[2023-11-27T11:42:01+08:00][sql] SELECT `id`,`parent_id`,`name`,`icon` FROM `admin_menu` WHERE `admin_menu`.`delete_time` = '0' [ RunTime:0.000465s ]
[2023-11-27T11:42:17+08:00][sql] CONNECT:[ UseTime:0.001876s ] mysql:host=127.0.0.1;port=3306;dbname=tp6adminlte3;charset=utf8mb4
[2023-11-27T11:42:17+08:00][sql] SHOW FULL COLUMNS FROM `admin_user` [ RunTime:0.002383s ]
[2023-11-27T11:42:17+08:00][sql] SELECT * FROM `admin_user` WHERE (  `id` = 2 ) AND `admin_user`.`delete_time` = '0' LIMIT 1 [ RunTime:0.001313s ]
[2023-11-27T11:42:17+08:00][sql] SHOW FULL COLUMNS FROM `admin_menu` [ RunTime:0.001402s ]
[2023-11-27T11:42:17+08:00][sql] SELECT * FROM `admin_menu` WHERE (  `url` = 'admin/user/add' ) AND `admin_menu`.`delete_time` = '0' LIMIT 1 [ RunTime:0.002831s ]
[2023-11-27T11:42:17+08:00][sql] SHOW FULL COLUMNS FROM `user_level` [ RunTime:0.001902s ]
[2023-11-27T11:42:17+08:00][sql] SELECT * FROM `user_level` WHERE `user_level`.`delete_time` = '0' [ RunTime:0.000324s ]
[2023-11-27T11:42:17+08:00][sql] SHOW FULL COLUMNS FROM `setting_group` [ RunTime:0.000637s ]
[2023-11-27T11:42:17+08:00][sql] SELECT * FROM `setting_group` WHERE (  `code` = 'admin.display.top_nav' ) AND `setting_group`.`delete_time` = '0' LIMIT 1 [ RunTime:0.000295s ]
[2023-11-27T11:42:17+08:00][sql] SELECT `id`,`parent_id`,`name`,`icon` FROM `admin_menu` WHERE `admin_menu`.`delete_time` = '0' [ RunTime:0.000253s ]
[2023-11-27T11:42:20+08:00][sql] CONNECT:[ UseTime:0.001107s ] mysql:host=127.0.0.1;port=3306;dbname=tp6adminlte3;charset=utf8mb4
[2023-11-27T11:42:20+08:00][sql] SHOW FULL COLUMNS FROM `admin_user` [ RunTime:0.001737s ]
[2023-11-27T11:42:20+08:00][sql] SELECT * FROM `admin_user` WHERE (  `id` = 2 ) AND `admin_user`.`delete_time` = '0' LIMIT 1 [ RunTime:0.000689s ]
[2023-11-27T11:42:20+08:00][sql] SHOW FULL COLUMNS FROM `admin_menu` [ RunTime:0.001396s ]
[2023-11-27T11:42:20+08:00][sql] SELECT * FROM `admin_menu` WHERE (  `url` = 'admin/user/index' ) AND `admin_menu`.`delete_time` = '0' LIMIT 1 [ RunTime:0.001477s ]
[2023-11-27T11:42:20+08:00][sql] SHOW FULL COLUMNS FROM `user` [ RunTime:0.003875s ]
[2023-11-27T11:42:20+08:00][sql] SELECT COUNT(*) AS think_count FROM `user` WHERE `user`.`delete_time` = '0' [ RunTime:0.000434s ]
[2023-11-27T11:42:20+08:00][sql] SELECT * FROM `user` WHERE `user`.`delete_time` = '0' ORDER BY `id` DESC LIMIT 0,10 [ RunTime:0.000399s ]
[2023-11-27T11:42:20+08:00][sql] SHOW FULL COLUMNS FROM `user_level` [ RunTime:0.001996s ]
[2023-11-27T11:42:20+08:00][sql] SELECT * FROM `user_level` WHERE (  `id` IN (1,2,3) ) AND `user_level`.`delete_time` = '0' [ RunTime:0.000374s ]
[2023-11-27T11:42:20+08:00][sql] SELECT * FROM `user_level` WHERE `user_level`.`delete_time` = '0' [ RunTime:0.000282s ]
[2023-11-27T11:42:20+08:00][sql] SHOW FULL COLUMNS FROM `setting_group` [ RunTime:0.000642s ]
[2023-11-27T11:42:20+08:00][sql] SELECT * FROM `setting_group` WHERE (  `code` = 'admin.display.top_nav' ) AND `setting_group`.`delete_time` = '0' LIMIT 1 [ RunTime:0.000278s ]
[2023-11-27T11:42:20+08:00][sql] SELECT `id`,`parent_id`,`name`,`icon` FROM `admin_menu` WHERE `admin_menu`.`delete_time` = '0' [ RunTime:0.000254s ]
